PLINK v1.90b3.45 64-bit (13 Jan 2017)
Options in effect:
  --bfile processed_data/locality_grants
  --cc
  --cluster
  --mds-plot 2
  --out results/pca/locality_strat_no_og
  --ppc 1e-3
  --read-genome results/pca/locality_ibs.genome
  --remove additional_files/outgroup_locality.txt

Hostname: MacBook-Air.local
Working directory: /Users/na399/OneDrive - Københavns Universitet/Block 3/POP/Project/popgen-project
Start time: Tue Mar 28 16:19:41 2017

Note: --cc flag deprecated.  Use '--cluster cc'.
Random number seed: 1490710781
8192 MB RAM detected; reserving 4096 MB for main workspace.
7566 variants loaded from .bim file.
95 people (0 males, 0 females, 95 ambiguous) loaded from .fam.
Ambiguous sex IDs written to results/pca/locality_strat_no_og.nosex .
--remove: 92 people remaining.
Using 1 thread (no multithreaded calculations invoked).
Before main variant filters, 92 founders and 0 nonfounders present.
Calculating allele frequencies... done.
Total genotyping rate in remaining samples is 0.872688.
7566 variants and 92 people pass filters and QC.
Note: No phenotypes present.
Clustering... done.
Cluster solution written to results/pca/locality_strat_no_og.cluster1 ,
results/pca/locality_strat_no_og.cluster2 , and
results/pca/locality_strat_no_og.cluster3 .
Performing multidimensional scaling analysis (SVD algorithm, 2
dimensions)... done.
MDS solution written to results/pca/locality_strat_no_og.mds .

End time: Tue Mar 28 16:19:41 2017
