PLINK v1.90b3.45 64-bit (13 Jan 2017)
Options in effect:
  --bfile processed_data/locality_grants
  --cluster
  --mds-plot 2
  --out results/pca/locality_strat_pca
  --pca
  --ppc 1e-3
  --read-genome results/pca/locality_ibs.genome
  --remove additional_files/outgroup_locality.txt

Hostname: MacBook-Air.local
Working directory: /Users/na399/OneDrive - Københavns Universitet/Block 3/POP/Project/popgen-project
Start time: Wed Mar 29 11:38:51 2017

Random number seed: 1490780331
8192 MB RAM detected; reserving 4096 MB for main workspace.
7566 variants loaded from .bim file.
95 people (0 males, 0 females, 95 ambiguous) loaded from .fam.
Ambiguous sex IDs written to results/pca/locality_strat_pca.nosex .
--remove: 92 people remaining.
Using up to 4 threads (change this with --threads).
Before main variant filters, 92 founders and 0 nonfounders present.
Calculating allele frequencies... done.
Total genotyping rate in remaining samples is 0.872688.
7566 variants and 92 people pass filters and QC.
Note: No phenotypes present.
Relationship matrix calculation complete.
--pca: Results saved to results/pca/locality_strat_pca.eigenval and
results/pca/locality_strat_pca.eigenvec .
Clustering... done.
Cluster solution written to results/pca/locality_strat_pca.cluster1 ,
results/pca/locality_strat_pca.cluster2 , and
results/pca/locality_strat_pca.cluster3 .
Performing multidimensional scaling analysis (SVD algorithm, 2
dimensions)... done.
MDS solution written to results/pca/locality_strat_pca.mds .

End time: Wed Mar 29 11:38:51 2017
