PLINK v1.90b3.45 64-bit (13 Jan 2017)
Options in effect:
  --bfile species_prune
  --het
  --out Fis/species_prune

Hostname: MacBook-Air.local
Working directory: /Users/na399/OneDrive - Københavns Universitet/Block 3/POP/Project/popgen-project/grants_package/processed
Start time: Wed Mar 22 21:39:11 2017

Random number seed: 1490215151
8192 MB RAM detected; reserving 4096 MB for main workspace.
1933 variants loaded from .bim file.
95 people (0 males, 0 females, 95 ambiguous) loaded from .fam.
Ambiguous sex IDs written to Fis/species_prune.nosex .
Using 1 thread (no multithreaded calculations invoked).
Before main variant filters, 95 founders and 0 nonfounders present.
Calculating allele frequencies... done.
Total genotyping rate is 0.869257.
1933 variants and 95 people pass filters and QC.
Note: No phenotypes present.
--het: 1933 variants scanned, report written to Fis/species_prune.het .

End time: Wed Mar 22 21:39:11 2017
