PLINK v1.90b3.45 64-bit (13 Jan 2017)
Options in effect:
  --bfile locality_grants
  --cluster
  --mds-plot 2
  --out pca/mds_locality
  --within ../locality_clusters.txt

Hostname: MacBook-Air.local
Working directory: /Users/na399/OneDrive - Københavns Universitet/Block 3/POP/Project/popgen-project/grants_package/processed
Start time: Tue Mar 21 09:24:39 2017

Random number seed: 1490084679
8192 MB RAM detected; reserving 4096 MB for main workspace.
7566 variants loaded from .bim file.
95 people (0 males, 0 females, 95 ambiguous) loaded from .fam.
Ambiguous sex IDs written to pca/mds_locality.nosex .
--within: 14 clusters loaded, covering a total of 95 people.
Using up to 4 threads (change this with --threads).
Before main variant filters, 95 founders and 0 nonfounders present.
Calculating allele frequencies... done.
Total genotyping rate is 0.869627.
7566 variants and 95 people pass filters and QC.
Note: No phenotypes present.
Distance matrix calculation complete.
Clustering... done.
Cluster solution written to pca/mds_locality.cluster1 ,
pca/mds_locality.cluster2 , and pca/mds_locality.cluster3 .
Performing multidimensional scaling analysis (SVD algorithm, 2
dimensions)... done.
MDS solution written to pca/mds_locality.mds .

End time: Tue Mar 21 09:24:39 2017
