PLINK v1.90b3.45 64-bit (13 Jan 2017)
Options in effect:
  --bfile species_grants
  --cluster
  --mds-plot 2
  --out pca/mds_species_no_og
  --remove-cluster-names thomsons
  --within ../new_species_clusters.clst

Hostname: MacBook-Air.local
Working directory: /Users/na399/OneDrive - Københavns Universitet/Block 3/POP/Project/popgen-project/grants_package/processed
Start time: Tue Mar 21 18:49:30 2017

Random number seed: 1490118570
8192 MB RAM detected; reserving 4096 MB for main workspace.
7566 variants loaded from .bim file.
95 people (0 males, 0 females, 95 ambiguous) loaded from .fam.
Ambiguous sex IDs written to pca/mds_species_no_og.nosex .
--within: 4 clusters loaded, covering a total of 92 people.
3 people removed by cluster filter(s).
Using up to 4 threads (change this with --threads).
Before main variant filters, 92 founders and 0 nonfounders present.
Calculating allele frequencies... done.
Total genotyping rate in remaining samples is 0.872688.
7566 variants and 92 people pass filters and QC.
Note: No phenotypes present.
Distance matrix calculation complete.
Clustering... done.
Cluster solution written to pca/mds_species_no_og.cluster1 ,
pca/mds_species_no_og.cluster2 , and pca/mds_species_no_og.cluster3 .
Performing multidimensional scaling analysis (SVD algorithm, 2
dimensions)... done.
MDS solution written to pca/mds_species_no_og.mds .

End time: Tue Mar 21 18:49:30 2017
