PLINK v1.90b3.45 64-bit (13 Jan 2017)
Options in effect:
  --bfile species_grants
  --out pca/pca_species
  --pca
  --within ../species_clusters.txt

Hostname: MacBook-Air.local
Working directory: /Users/na399/OneDrive - Københavns Universitet/Block 3/POP/Project/popgen-project/grants_package/processed
Start time: Mon Mar 20 21:43:51 2017

Random number seed: 1490042631
8192 MB RAM detected; reserving 4096 MB for main workspace.
7566 variants loaded from .bim file.
95 people (0 males, 0 females, 95 ambiguous) loaded from .fam.
Ambiguous sex IDs written to pca/pca_species.nosex .
--within: 5 clusters loaded, covering a total of 95 people.
Using up to 4 threads (change this with --threads).
Before main variant filters, 95 founders and 0 nonfounders present.
Calculating allele frequencies... done.
Total genotyping rate is 0.869627.
7566 variants and 95 people pass filters and QC.
Note: No phenotypes present.
Relationship matrix calculation complete.
--pca: Results saved to pca/pca_species.eigenval and pca/pca_species.eigenvec .

End time: Mon Mar 20 21:43:51 2017
