PLINK v1.90b3.45 64-bit (13 Jan 2017)
Options in effect:
  --bfile locality_grants
  --out structure_locality
  --recode structure

Hostname: MacBook-Air.local
Working directory: /Users/na399/OneDrive - Københavns Universitet/Block 3/POP/Project/popgen-project/grants_package/processed
Start time: Mon Mar 20 23:39:45 2017

Random number seed: 1490049585
8192 MB RAM detected; reserving 4096 MB for main workspace.
7566 variants loaded from .bim file.
95 people (0 males, 0 females, 95 ambiguous) loaded from .fam.
Ambiguous sex IDs written to structure_locality.nosex .
Using 1 thread (no multithreaded calculations invoked).
Before main variant filters, 95 founders and 0 nonfounders present.
Calculating allele frequencies... done.
Total genotyping rate is 0.869627.
7566 variants and 95 people pass filters and QC.
Note: No phenotypes present.
--recode structure to structure_locality.recode.strct_in ... done.

End time: Mon Mar 20 23:39:45 2017
