PLINK v1.90b3.45 64-bit (13 Jan 2017)
Options in effect:
  --bfile processed_data/grants_maf0.05
  --make-bed
  --out processed_data/species_grants
  --update-ids additional_files/species_as_fam_ID.txt

Hostname: MacBook-Air.local
Working directory: /Users/na399/OneDrive - Københavns Universitet/Block 3/POP/Project/popgen-project
Start time: Tue Mar 28 15:57:18 2017

Random number seed: 1490709438
8192 MB RAM detected; reserving 4096 MB for main workspace.
7566 variants loaded from .bim file.
95 people (0 males, 0 females, 95 ambiguous) loaded from .fam.
Ambiguous sex IDs written to processed_data/species_grants.nosex .
--update-ids: 95 people updated.
Using 1 thread (no multithreaded calculations invoked).
Before main variant filters, 95 founders and 0 nonfounders present.
Calculating allele frequencies... done.
Total genotyping rate is 0.869627.
7566 variants and 95 people pass filters and QC.
Note: No phenotypes present.
--make-bed to processed_data/species_grants.bed +
processed_data/species_grants.bim + processed_data/species_grants.fam ... done.

End time: Tue Mar 28 15:57:18 2017
