PLINK v1.90b3.45 64-bit (13 Jan 2017)
Options in effect:
  --bfile locality_grants
  --fst
  --out Fst/new_Fst_locality_no_outgroup
  --within ../new_locality_clusters_no_outgroup.txt

Hostname: MacBook-Air.local
Working directory: /Users/na399/OneDrive - Københavns Universitet/Block 3/POP/Project/popgen-project/grants_package/processed
Start time: Tue Mar 21 11:06:12 2017

Random number seed: 1490090772
8192 MB RAM detected; reserving 4096 MB for main workspace.
7566 variants loaded from .bim file.
95 people (0 males, 0 females, 95 ambiguous) loaded from .fam.
Ambiguous sex IDs written to Fst/new_Fst_locality_no_outgroup.nosex .
--within: 14 clusters loaded, covering a total of 92 people.
Using 1 thread (no multithreaded calculations invoked).
Before main variant filters, 95 founders and 0 nonfounders present.
Calculating allele frequencies... done.
Total genotyping rate is 0.869627.
7566 variants and 95 people pass filters and QC.
Note: No phenotypes present.
Writing --fst report (14 populations) to Fst/new_Fst_locality_no_outgroup.fst
... done.
7086 markers with valid Fst estimates (480 excluded).
Mean Fst estimate: 0.283691
Weighted Fst estimate: 0.307879

End time: Tue Mar 21 11:06:13 2017
