PLINK v1.90b3.45 64-bit (13 Jan 2017)
Options in effect:
  --bfile processed_data/locality_grants
  --indep-pairwise 50 10 0.9
  --out results/pca/locality_prune

Hostname: MacBook-Air.local
Working directory: /Users/na399/OneDrive - Københavns Universitet/Block 3/POP/Project/popgen-project
Start time: Wed Mar 29 11:58:26 2017

Random number seed: 1490781506
8192 MB RAM detected; reserving 4096 MB for main workspace.
7566 variants loaded from .bim file.
95 people (0 males, 0 females, 95 ambiguous) loaded from .fam.
Ambiguous sex IDs written to results/pca/locality_prune.nosex .
Using 1 thread (no multithreaded calculations invoked).
Before main variant filters, 95 founders and 0 nonfounders present.
Calculating allele frequencies... done.
Total genotyping rate is 0.869627.
7566 variants and 95 people pass filters and QC.
Note: No phenotypes present.
Pruned 84 variants from chromosome 1, leaving 550.
Pruned 23 variants from chromosome 9, leaving 345.
Pruned 28 variants from chromosome 10, leaving 475.
Pruned 88 variants from chromosome 11, leaving 721.
Pruned 34 variants from chromosome 12, leaving 313.
Pruned 112 variants from chromosome 13, leaving 703.
Pruned 49 variants from chromosome 14, leaving 399.
Pruned 48 variants from chromosome 15, leaving 448.
Pruned 388 variants from chromosome 16, leaving 878.
Pruned 49 variants from chromosome 17, leaving 448.
Pruned 86 variants from chromosome 18, leaving 520.
Pruned 106 variants from chromosome 19, leaving 671.
Pruning complete.  1095 of 7566 variants removed.
Marker lists written to results/pca/locality_prune.prune.in and
results/pca/locality_prune.prune.out .

End time: Wed Mar 29 11:58:26 2017
