PLINK v1.90b3.45 64-bit (13 Jan 2017)
Options in effect:
  --bfile locality_grants
  --indep-pairwise 50 10 0.2
  --out pca2/locality_prune

Hostname: MacBook-Air.local
Working directory: /Users/na399/OneDrive - Københavns Universitet/Block 3/POP/Project/grants_package/processed
Start time: Tue Mar 21 19:11:28 2017

Random number seed: 1490119888
8192 MB RAM detected; reserving 4096 MB for main workspace.
7566 variants loaded from .bim file.
95 people (0 males, 0 females, 95 ambiguous) loaded from .fam.
Ambiguous sex IDs written to pca2/locality_prune.nosex .
Using 1 thread (no multithreaded calculations invoked).
Before main variant filters, 95 founders and 0 nonfounders present.
Calculating allele frequencies... done.
Total genotyping rate is 0.869627.
7566 variants and 95 people pass filters and QC.
Note: No phenotypes present.
Pruned 460 variants from chromosome 1, leaving 174.
Pruned 264 variants from chromosome 9, leaving 104.
Pruned 329 variants from chromosome 10, leaving 174.
Pruned 575 variants from chromosome 11, leaving 234.
Pruned 232 variants from chromosome 12, leaving 115.
Pruned 598 variants from chromosome 13, leaving 217.
Pruned 320 variants from chromosome 14, leaving 128.
Pruned 338 variants from chromosome 15, leaving 158.
Pruned 1116 variants from chromosome 16, leaving 150.
Pruned 351 variants from chromosome 17, leaving 146.
Pruned 459 variants from chromosome 18, leaving 147.
Pruned 591 variants from chromosome 19, leaving 186.
Pruning complete.  5633 of 7566 variants removed.
Marker lists written to pca2/locality_prune.prune.in and
pca2/locality_prune.prune.out .

End time: Tue Mar 21 19:11:28 2017
