PLINK v1.90b3.45 64-bit (13 Jan 2017)
Options in effect:
  --bfile locality_grants
  --extract pca2/locality_prune.prune.in
  --genome
  --out pca2/locality_ibs

Hostname: MacBook-Air.local
Working directory: /Users/na399/OneDrive - Københavns Universitet/Block 3/POP/Project/grants_package/processed
Start time: Tue Mar 21 19:12:32 2017

Random number seed: 1490119952
8192 MB RAM detected; reserving 4096 MB for main workspace.
7566 variants loaded from .bim file.
95 people (0 males, 0 females, 95 ambiguous) loaded from .fam.
Ambiguous sex IDs written to pca2/locality_ibs.nosex .
--extract: 1933 variants remaining.
Using up to 4 threads (change this with --threads).
Before main variant filters, 95 founders and 0 nonfounders present.
Calculating allele frequencies... done.
Total genotyping rate is 0.869257.
1933 variants and 95 people pass filters and QC.
Note: No phenotypes present.
IBD calculations complete.
Finished writing pca2/locality_ibs.genome .

End time: Tue Mar 21 19:12:32 2017
