PLINK v1.90b3.45 64-bit (13 Jan 2017)
Options in effect:
  --bfile species_grants
  --cc
  --cluster
  --mds-plot 2
  --out pca2/species_strat
  --ppc 1e-3
  --read-genome pca2/species_ibs.genome
  --remove-cluster-names thomsons
  --within ../new_species_clusters.clst

Hostname: MacBook-Air.local
Working directory: /Users/na399/OneDrive - Københavns Universitet/Block 3/POP/Project/grants_package/processed
Start time: Wed Mar 22 10:42:21 2017

Note: --cc flag deprecated.  Use '--cluster cc'.
Random number seed: 1490175741
8192 MB RAM detected; reserving 4096 MB for main workspace.
7566 variants loaded from .bim file.
95 people (0 males, 0 females, 95 ambiguous) loaded from .fam.
Ambiguous sex IDs written to pca2/species_strat.nosex .
--within: 4 clusters loaded, covering a total of 92 people.
3 people removed by cluster filter(s).
Using 1 thread (no multithreaded calculations invoked).
Before main variant filters, 92 founders and 0 nonfounders present.
Calculating allele frequencies... done.
Total genotyping rate in remaining samples is 0.872688.
7566 variants and 92 people pass filters and QC.
Note: No phenotypes present.
Warning: Initial cluster assignment violates PPC test constraint.
Clustering...Error: No cluster merges possible.

End time: Wed Mar 22 10:42:21 2017
